<?xml version="1.0" encoding="UTF-8"?>
<!-- Generated by org.testng.reporters.JUnitReportReporter -->
<testsuite hostname="LTIN549055" failures="0" tests="5" name="test.testcase" time="268.766" errors="0" timestamp="2024-05-30T14:58:09 IST" skipped="0">
  <testcase classname="test.testcase" name="LoginTest" time="27.067"/>
  <system-out/>
  <testcase classname="test.testcase" name="LoginTest" time="19.776"/>
  <system-out/>
  <testcase classname="test.testcase" name="LoginTest" time="29.130"/>
  <system-out/>
  <testcase classname="test.testcase" name="LoginTest" time="73.607"/>
  <system-out/>
  <testcase classname="test.testcase" name="LoginTest" time="119.186"/>
  <system-out/>
</testsuite> <!-- test.testcase -->
